<?xml version="1.0" encoding="UTF-8"?>
<!-- Generated by org.testng.reporters.JUnitXMLReporter -->
<testsuite hostname="vinaybabu" ignored="1" name="Default test" tests="3" failures="0" timestamp="13 Jun 2021 08:58:23 GMT" time="23.202" errors="0">
  <testcase name="@BeforeTest setUp" time="22.989" classname="com.toolsqa.testcases.AllElementsTests">
    <failure type="java.lang.NullPointerException">
      <![CDATA[java.lang.NullPointerException
at com.toolsqa.base.BasePageInit.initConfiguration(BasePageInit.java:87)
at com.toolsqa.testcases.AllElementsTests.setUp(AllElementsTests.java:28)
at sun.reflect.NativeMethodAccessorImpl.invoke0(Native Method)
at sun.reflect.NativeMethodAccessorImpl.invoke(NativeMethodAccessorImpl.java:62)
at sun.reflect.DelegatingMethodAccessorImpl.invoke(DelegatingMethodAccessorImpl.java:43)
at java.lang.reflect.Method.invoke(Method.java:498)
at org.testng.internal.MethodInvocationHelper.invokeMethod(MethodInvocationHelper.java:124)
at org.testng.internal.MethodInvocationHelper.invokeMethodConsideringTimeout(MethodInvocationHelper.java:59)
at org.testng.internal.Invoker.invokeConfigurationMethod(Invoker.java:455)
at org.testng.internal.Invoker.invokeConfigurations(Invoker.java:222)
at org.testng.internal.Invoker.invokeConfigurations(Invoker.java:142)
at org.testng.TestRunner.beforeRun(TestRunner.java:529)
at org.testng.TestRunner.run(TestRunner.java:497)
at org.testng.SuiteRunner.runTest(SuiteRunner.java:455)
at org.testng.SuiteRunner.runSequentially(SuiteRunner.java:450)
at org.testng.SuiteRunner.privateRun(SuiteRunner.java:415)
at org.testng.SuiteRunner.run(SuiteRunner.java:364)
at org.testng.SuiteRunnerWorker.runSuite(SuiteRunnerWorker.java:52)
at org.testng.SuiteRunnerWorker.run(SuiteRunnerWorker.java:84)
at org.testng.TestNG.runSuitesSequentially(TestNG.java:1208)
at org.testng.TestNG.runSuitesLocally(TestNG.java:1137)
at org.testng.TestNG.runSuites(TestNG.java:1049)
at org.testng.TestNG.run(TestNG.java:1017)
at org.testng.remote.AbstractRemoteTestNG.run(AbstractRemoteTestNG.java:115)
at org.testng.remote.RemoteTestNG.initAndRun(RemoteTestNG.java:251)
at org.testng.remote.RemoteTestNG.main(RemoteTestNG.java:77)
]]>
    </failure>
  </testcase> <!-- @BeforeTest setUp -->
  <testcase name="@AfterTest tearDown" time="0.0" classname="com.toolsqa.testcases.AllElementsTests">
    <skipped/>
  </testcase> <!-- @AfterTest tearDown -->
  <testcase name="addRowWebTableTest" time="0.0" classname="com.toolsqa.testcases.AllElementsTests">
    <skipped/>
  </testcase> <!-- addRowWebTableTest -->
  <testcase name="clickButtonsTest" time="0.0" classname="com.toolsqa.testcases.AllElementsTests">
    <skipped/>
  </testcase> <!-- clickButtonsTest -->
  <testcase name="clickdynaButtonsTest" time="0.0" classname="com.toolsqa.testcases.AllElementsTests">
    <skipped/>
  </testcase> <!-- clickdynaButtonsTest -->
  <testcase name="choosefileTest" time="0.0" classname="com.toolsqa.testcases.AllElementsTests">
    <ignored/>
  </testcase> <!-- choosefileTest -->
</testsuite> <!-- Default test -->
