<?xml version="1.0" encoding="UTF-8"?>
<!-- Generated by org.testng.reporters.JUnitXMLReporter -->
<testsuite hostname="vinaybabu" ignored="0" name="Upload Test" tests="2" failures="2" timestamp="14 May 2021 11:30:24 GMT" time="36.464" errors="0">
  <testcase name="choosefileTest" time="0.109" classname="com.toolsqa.testcases.UploadDownloadTests">
    <failure type="java.lang.IllegalArgumentException" message="Test name must not be null or empty">
      <![CDATA[java.lang.IllegalArgumentException: Test name must not be null or empty
at com.aventstack.extentreports.util.Assert.notEmpty(Assert.java:12)
at com.aventstack.extentreports.ExtentTest.<init>(ExtentTest.java:96)
at com.aventstack.extentreports.ExtentTest.<init>(ExtentTest.java:117)
at com.aventstack.extentreports.ExtentTest.createNode(ExtentTest.java:170)
at com.aventstack.extentreports.ExtentTest.createNode(ExtentTest.java:285)
at com.toolsqa.listeners.CustomListeners.onTestStart(CustomListeners.java:102)
... Removed 22 stack frames]]>
    </failure>
  </testcase> <!-- choosefileTest -->
  <testcase name="choosefileTest" time="0.799" classname="com.toolsqa.testcases.UploadDownloadTests">
    <failure type="java.lang.NullPointerException">
      <![CDATA[java.lang.NullPointerException
at com.toolsqa.listeners.CustomListeners.onTestFailure(CustomListeners.java:58)
... Removed 22 stack frames]]>
    </failure>
  </testcase> <!-- choosefileTest -->
</testsuite> <!-- Upload Test -->
